{"C:\\Users\\DELL\\Desktop\\Basic\\src\\components\\About.js": {"path":"C:\\Users\\DELL\\Desktop\\Basic\\src\\components\\About.js","statementMap":{"0":{"start":{"line":8,"column":4},"end":{"line":8,"column":17}},"1":{"start":{"line":9,"column":4},"end":{"line":9,"column":40}},"2":{"start":{"line":12,"column":4},"end":{"line":12,"column":44}},"3":{"start":{"line":17,"column":4},"end":{"line":17,"column":33}},"4":{"start":{"line":18,"column":4},"end":{"line":30,"column":6}},"5":{"start":{"line":23,"column":12},"end":{"line":23,"column":57}}},"fnMap":{"0":{"name":"(anonymous_0)","decl":{"start":{"line":7,"column":2},"end":{"line":7,"column":3}},"loc":{"start":{"line":7,"column":21},"end":{"line":10,"column":3}},"line":7},"1":{"name":"(anonymous_1)","decl":{"start":{"line":11,"column":2},"end":{"line":11,"column":3}},"loc":{"start":{"line":11,"column":22},"end":{"line":14,"column":3}},"line":11},"2":{"name":"(anonymous_2)","decl":{"start":{"line":16,"column":2},"end":{"line":16,"column":3}},"loc":{"start":{"line":16,"column":11},"end":{"line":31,"column":3}},"line":16},"3":{"name":"(anonymous_3)","decl":{"start":{"line":22,"column":11},"end":{"line":22,"column":12}},"loc":{"start":{"line":22,"column":33},"end":{"line":24,"column":11}},"line":22}},"branchMap":{},"s":{"0":0,"1":0,"2":0,"3":0,"4":0,"5":0},"f":{"0":0,"1":0,"2":0,"3":0},"b":{},"_coverageSchema":"1a1c01bbd47fc00a2c39e90264f33305004495a9","hash":"d79d32ae99b47ebe2f3db4f3c71aa64fae01c947"}
,"C:\\Users\\DELL\\Desktop\\Basic\\src\\components\\Body.js": {"path":"C:\\Users\\DELL\\Desktop\\Basic\\src\\components\\Body.js","statementMap":{"0":{"start":{"line":9,"column":13},"end":{"line":143,"column":1}},"1":{"start":{"line":10,"column":14},"end":{"line":44,"column":3}},"2":{"start":{"line":46,"column":29},"end":{"line":46,"column":54}},"3":{"start":{"line":48,"column":26},"end":{"line":48,"column":39}},"4":{"start":{"line":49,"column":38},"end":{"line":49,"column":50}},"5":{"start":{"line":50,"column":30},"end":{"line":50,"column":42}},"6":{"start":{"line":52,"column":40},"end":{"line":52,"column":63}},"7":{"start":{"line":54,"column":2},"end":{"line":57,"column":9}},"8":{"start":{"line":55,"column":4},"end":{"line":55,"column":19}},"9":{"start":{"line":56,"column":4},"end":{"line":56,"column":37}},"10":{"start":{"line":59,"column":2},"end":{"line":59,"column":31}},"11":{"start":{"line":61,"column":20},"end":{"line":66,"column":3}},"12":{"start":{"line":62,"column":20},"end":{"line":62,"column":56}},"13":{"start":{"line":62,"column":43},"end":{"line":62,"column":55}},"14":{"start":{"line":63,"column":4},"end":{"line":63,"column":23}},"15":{"start":{"line":64,"column":4},"end":{"line":64,"column":25}},"16":{"start":{"line":65,"column":4},"end":{"line":65,"column":23}},"17":{"start":{"line":71,"column":17},"end":{"line":71,"column":34}},"18":{"start":{"line":73,"column":2},"end":{"line":73,"column":58}},"19":{"start":{"line":73,"column":24},"end":{"line":73,"column":58}},"20":{"start":{"line":75,"column":2},"end":{"line":142,"column":4}},"21":{"start":{"line":86,"column":14},"end":{"line":86,"column":44}},"22":{"start":{"line":92,"column":33},"end":{"line":94,"column":15}},"23":{"start":{"line":93,"column":16},"end":{"line":93,"column":73}},"24":{"start":{"line":95,"column":14},"end":{"line":95,"column":38}},"25":{"start":{"line":96,"column":14},"end":{"line":96,"column":36}},"26":{"start":{"line":107,"column":14},"end":{"line":107,"column":32}},"27":{"start":{"line":116,"column":29},"end":{"line":116,"column":56}},"28":{"start":{"line":122,"column":10},"end":{"line":138,"column":12}}},"fnMap":{"0":{"name":"(anonymous_0)","decl":{"start":{"line":9,"column":13},"end":{"line":9,"column":14}},"loc":{"start":{"line":9,"column":19},"end":{"line":143,"column":1}},"line":9},"1":{"name":"(anonymous_1)","decl":{"start":{"line":54,"column":12},"end":{"line":54,"column":13}},"loc":{"start":{"line":54,"column":18},"end":{"line":57,"column":3}},"line":54},"2":{"name":"(anonymous_2)","decl":{"start":{"line":61,"column":20},"end":{"line":61,"column":21}},"loc":{"start":{"line":61,"column":32},"end":{"line":66,"column":3}},"line":61},"3":{"name":"(anonymous_3)","decl":{"start":{"line":62,"column":34},"end":{"line":62,"column":35}},"loc":{"start":{"line":62,"column":43},"end":{"line":62,"column":55}},"line":62},"4":{"name":"(anonymous_4)","decl":{"start":{"line":85,"column":22},"end":{"line":85,"column":23}},"loc":{"start":{"line":85,"column":29},"end":{"line":87,"column":13}},"line":85},"5":{"name":"(anonymous_5)","decl":{"start":{"line":91,"column":21},"end":{"line":91,"column":22}},"loc":{"start":{"line":91,"column":27},"end":{"line":97,"column":13}},"line":91},"6":{"name":"(anonymous_6)","decl":{"start":{"line":92,"column":45},"end":{"line":92,"column":46}},"loc":{"start":{"line":93,"column":16},"end":{"line":93,"column":73}},"line":93},"7":{"name":"(anonymous_7)","decl":{"start":{"line":106,"column":21},"end":{"line":106,"column":22}},"loc":{"start":{"line":106,"column":27},"end":{"line":108,"column":13}},"line":106},"8":{"name":"(anonymous_8)","decl":{"start":{"line":116,"column":22},"end":{"line":116,"column":23}},"loc":{"start":{"line":116,"column":29},"end":{"line":116,"column":56}},"line":116},"9":{"name":"(anonymous_9)","decl":{"start":{"line":121,"column":20},"end":{"line":121,"column":21}},"loc":{"start":{"line":121,"column":30},"end":{"line":139,"column":9}},"line":121}},"branchMap":{"0":{"loc":{"start":{"line":73,"column":2},"end":{"line":73,"column":58}},"type":"if","locations":[{"start":{"line":73,"column":2},"end":{"line":73,"column":58}},{"start":{},"end":{}}],"line":73},"1":{"loc":{"start":{"line":75,"column":9},"end":{"line":142,"column":3}},"type":"cond-expr","locations":[{"start":{"line":76,"column":4},"end":{"line":76,"column":16}},{"start":{"line":78,"column":4},"end":{"line":141,"column":10}}],"line":75},"2":{"loc":{"start":{"line":124,"column":15},"end":{"line":136,"column":15}},"type":"cond-expr","locations":[{"start":{"line":125,"column":16},"end":{"line":129,"column":18}},{"start":{"line":131,"column":16},"end":{"line":135,"column":18}}],"line":124}},"s":{"0":1,"1":0,"2":0,"3":0,"4":0,"5":0,"6":0,"7":0,"8":0,"9":0,"10":0,"11":0,"12":0,"13":0,"14":0,"15":0,"16":0,"17":0,"18":0,"19":0,"20":0,"21":0,"22":0,"23":0,"24":0,"25":0,"26":0,"27":0,"28":0},"f":{"0":0,"1":0,"2":0,"3":0,"4":0,"5":0,"6":0,"7":0,"8":0,"9":0},"b":{"0":[0,0],"1":[0,0],"2":[0,0]},"_coverageSchema":"1a1c01bbd47fc00a2c39e90264f33305004495a9","hash":"2f76c6a298122e2fe4bb7cb0cd01ae9009c60373"}
,"C:\\Users\\DELL\\Desktop\\Basic\\src\\components\\Contact.js": {"path":"C:\\Users\\DELL\\Desktop\\Basic\\src\\components\\Contact.js","statementMap":{"0":{"start":{"line":3,"column":16},"end":{"line":22,"column":1}},"1":{"start":{"line":4,"column":2},"end":{"line":21,"column":4}}},"fnMap":{"0":{"name":"(anonymous_0)","decl":{"start":{"line":3,"column":16},"end":{"line":3,"column":17}},"loc":{"start":{"line":3,"column":22},"end":{"line":22,"column":1}},"line":3}},"branchMap":{},"s":{"0":1,"1":3},"f":{"0":3},"b":{},"_coverageSchema":"1a1c01bbd47fc00a2c39e90264f33305004495a9","hash":"b2658f82f47b9351e6c300fc48fd533e8c600060"}
,"C:\\Users\\DELL\\Desktop\\Basic\\src\\components\\Header.js": {"path":"C:\\Users\\DELL\\Desktop\\Basic\\src\\components\\Header.js","statementMap":{"0":{"start":{"line":9,"column":15},"end":{"line":58,"column":1}},"1":{"start":{"line":10,"column":24},"end":{"line":10,"column":41}},"2":{"start":{"line":12,"column":16},"end":{"line":12,"column":23}},"3":{"start":{"line":13,"column":23},"end":{"line":13,"column":40}},"4":{"start":{"line":15,"column":27},"end":{"line":15,"column":50}},"5":{"start":{"line":17,"column":20},"end":{"line":17,"column":60}},"6":{"start":{"line":17,"column":43},"end":{"line":17,"column":59}},"7":{"start":{"line":20,"column":2},"end":{"line":57,"column":4}},"8":{"start":{"line":48,"column":14},"end":{"line":48,"column":67}}},"fnMap":{"0":{"name":"(anonymous_0)","decl":{"start":{"line":9,"column":15},"end":{"line":9,"column":16}},"loc":{"start":{"line":9,"column":21},"end":{"line":58,"column":1}},"line":9},"1":{"name":"(anonymous_1)","decl":{"start":{"line":17,"column":32},"end":{"line":17,"column":33}},"loc":{"start":{"line":17,"column":43},"end":{"line":17,"column":59}},"line":17},"2":{"name":"(anonymous_2)","decl":{"start":{"line":46,"column":21},"end":{"line":46,"column":22}},"loc":{"start":{"line":46,"column":27},"end":{"line":49,"column":13}},"line":46}},"branchMap":{"0":{"loc":{"start":{"line":28,"column":47},"end":{"line":28,"column":74}},"type":"cond-expr","locations":[{"start":{"line":28,"column":62},"end":{"line":28,"column":66}},{"start":{"line":28,"column":69},"end":{"line":28,"column":74}}],"line":28},"1":{"loc":{"start":{"line":48,"column":14},"end":{"line":48,"column":66}},"type":"cond-expr","locations":[{"start":{"line":48,"column":32},"end":{"line":48,"column":48}},{"start":{"line":48,"column":51},"end":{"line":48,"column":66}}],"line":48}},"s":{"0":1,"1":4,"2":4,"3":4,"4":4,"5":4,"6":7,"7":4,"8":1},"f":{"0":4,"1":7,"2":1},"b":{"0":[4,0],"1":[1,0]},"_coverageSchema":"1a1c01bbd47fc00a2c39e90264f33305004495a9","hash":"330f459df0af1d08c9b18432f87d28a9625a71ee"}
,"C:\\Users\\DELL\\Desktop\\Basic\\src\\components\\RestroCard.js": {"path":"C:\\Users\\DELL\\Desktop\\Basic\\src\\components\\RestroCard.js","statementMap":{"0":{"start":{"line":7,"column":19},"end":{"line":44,"column":1}},"1":{"start":{"line":8,"column":16},"end":{"line":10,"column":3}},"2":{"start":{"line":12,"column":19},"end":{"line":12,"column":32}},"3":{"start":{"line":14,"column":24},"end":{"line":16,"column":3}},"4":{"start":{"line":15,"column":4},"end":{"line":15,"column":34}},"5":{"start":{"line":18,"column":27},"end":{"line":18,"column":50}},"6":{"start":{"line":20,"column":2},"end":{"line":43,"column":4}},"7":{"start":{"line":37,"column":10},"end":{"line":37,"column":36}},"8":{"start":{"line":46,"column":29},"end":{"line":57,"column":1}},"9":{"start":{"line":47,"column":2},"end":{"line":56,"column":4}},"10":{"start":{"line":48,"column":4},"end":{"line":55,"column":6}}},"fnMap":{"0":{"name":"(anonymous_0)","decl":{"start":{"line":7,"column":19},"end":{"line":7,"column":20}},"loc":{"start":{"line":7,"column":30},"end":{"line":44,"column":1}},"line":7},"1":{"name":"(anonymous_1)","decl":{"start":{"line":14,"column":24},"end":{"line":14,"column":25}},"loc":{"start":{"line":14,"column":30},"end":{"line":16,"column":3}},"line":14},"2":{"name":"(anonymous_2)","decl":{"start":{"line":36,"column":17},"end":{"line":36,"column":18}},"loc":{"start":{"line":36,"column":23},"end":{"line":38,"column":9}},"line":36},"3":{"name":"(anonymous_3)","decl":{"start":{"line":46,"column":29},"end":{"line":46,"column":30}},"loc":{"start":{"line":46,"column":45},"end":{"line":57,"column":1}},"line":46},"4":{"name":"(anonymous_4)","decl":{"start":{"line":47,"column":9},"end":{"line":47,"column":10}},"loc":{"start":{"line":47,"column":20},"end":{"line":56,"column":3}},"line":47}},"branchMap":{},"s":{"0":2,"1":0,"2":0,"3":0,"4":0,"5":0,"6":0,"7":0,"8":2,"9":0,"10":0},"f":{"0":0,"1":0,"2":0,"3":0,"4":0},"b":{},"_coverageSchema":"1a1c01bbd47fc00a2c39e90264f33305004495a9","hash":"9910e4ca3eb3250200411a00e62d7bfe05420775"}
,"C:\\Users\\DELL\\Desktop\\Basic\\src\\components\\Shrimmer.js": {"path":"C:\\Users\\DELL\\Desktop\\Basic\\src\\components\\Shrimmer.js","statementMap":{"0":{"start":{"line":1,"column":17},"end":{"line":10,"column":1}},"1":{"start":{"line":2,"column":2},"end":{"line":9,"column":4}}},"fnMap":{"0":{"name":"(anonymous_0)","decl":{"start":{"line":1,"column":17},"end":{"line":1,"column":18}},"loc":{"start":{"line":1,"column":23},"end":{"line":10,"column":1}},"line":1}},"branchMap":{},"s":{"0":1,"1":0},"f":{"0":0},"b":{},"_coverageSchema":"1a1c01bbd47fc00a2c39e90264f33305004495a9","hash":"7c77b886d5f3b235025e07db833d3562d322b308"}
,"C:\\Users\\DELL\\Desktop\\Basic\\src\\components\\User.js": {"path":"C:\\Users\\DELL\\Desktop\\Basic\\src\\components\\User.js","statementMap":{"0":{"start":{"line":3,"column":13},"end":{"line":27,"column":1}},"1":{"start":{"line":4,"column":18},"end":{"line":4,"column":29}},"2":{"start":{"line":5,"column":19},"end":{"line":5,"column":24}},"3":{"start":{"line":7,"column":2},"end":{"line":17,"column":9}},"4":{"start":{"line":8,"column":4},"end":{"line":8,"column":27}},"5":{"start":{"line":9,"column":18},"end":{"line":11,"column":12}},"6":{"start":{"line":10,"column":6},"end":{"line":10,"column":33}},"7":{"start":{"line":13,"column":4},"end":{"line":16,"column":6}},"8":{"start":{"line":14,"column":6},"end":{"line":14,"column":27}},"9":{"start":{"line":15,"column":6},"end":{"line":15,"column":38}},"10":{"start":{"line":18,"column":2},"end":{"line":18,"column":24}},"11":{"start":{"line":19,"column":2},"end":{"line":26,"column":4}}},"fnMap":{"0":{"name":"(anonymous_0)","decl":{"start":{"line":3,"column":13},"end":{"line":3,"column":14}},"loc":{"start":{"line":3,"column":24},"end":{"line":27,"column":1}},"line":3},"1":{"name":"(anonymous_1)","decl":{"start":{"line":7,"column":12},"end":{"line":7,"column":13}},"loc":{"start":{"line":7,"column":18},"end":{"line":17,"column":3}},"line":7},"2":{"name":"(anonymous_2)","decl":{"start":{"line":9,"column":30},"end":{"line":9,"column":31}},"loc":{"start":{"line":9,"column":36},"end":{"line":11,"column":5}},"line":9},"3":{"name":"(anonymous_3)","decl":{"start":{"line":13,"column":11},"end":{"line":13,"column":12}},"loc":{"start":{"line":13,"column":17},"end":{"line":16,"column":5}},"line":13}},"branchMap":{},"s":{"0":1,"1":0,"2":0,"3":0,"4":0,"5":0,"6":0,"7":0,"8":0,"9":0,"10":0,"11":0},"f":{"0":0,"1":0,"2":0,"3":0},"b":{},"_coverageSchema":"1a1c01bbd47fc00a2c39e90264f33305004495a9","hash":"946d029187af1e397b0185fd7405c570eefc6c6b"}
,"C:\\Users\\DELL\\Desktop\\Basic\\src\\components\\UserClass.js": {"path":"C:\\Users\\DELL\\Desktop\\Basic\\src\\components\\UserClass.js","statementMap":{"0":{"start":{"line":5,"column":4},"end":{"line":5,"column":17}},"1":{"start":{"line":7,"column":4},"end":{"line":15,"column":6}},"2":{"start":{"line":16,"column":4},"end":{"line":16,"column":56}},"3":{"start":{"line":20,"column":4},"end":{"line":20,"column":61}},"4":{"start":{"line":21,"column":17},"end":{"line":21,"column":73}},"5":{"start":{"line":22,"column":21},"end":{"line":22,"column":38}},"6":{"start":{"line":24,"column":4},"end":{"line":26,"column":7}},"7":{"start":{"line":28,"column":4},"end":{"line":28,"column":26}},"8":{"start":{"line":30,"column":4},"end":{"line":32,"column":13}},"9":{"start":{"line":31,"column":6},"end":{"line":31,"column":28}},"10":{"start":{"line":36,"column":4},"end":{"line":38,"column":5}},"11":{"start":{"line":39,"column":4},"end":{"line":39,"column":55}},"12":{"start":{"line":43,"column":4},"end":{"line":43,"column":30}},"13":{"start":{"line":44,"column":4},"end":{"line":44,"column":60}},"14":{"start":{"line":47,"column":33},"end":{"line":47,"column":52}},"15":{"start":{"line":48,"column":4},"end":{"line":48,"column":59}},"16":{"start":{"line":50,"column":33},"end":{"line":50,"column":43}},"17":{"start":{"line":51,"column":23},"end":{"line":51,"column":33}},"18":{"start":{"line":52,"column":4},"end":{"line":70,"column":6}},"19":{"start":{"line":57,"column":12},"end":{"line":59,"column":15}}},"fnMap":{"0":{"name":"(anonymous_0)","decl":{"start":{"line":4,"column":2},"end":{"line":4,"column":3}},"loc":{"start":{"line":4,"column":21},"end":{"line":17,"column":3}},"line":4},"1":{"name":"(anonymous_1)","decl":{"start":{"line":19,"column":2},"end":{"line":19,"column":3}},"loc":{"start":{"line":19,"column":28},"end":{"line":33,"column":3}},"line":19},"2":{"name":"(anonymous_2)","decl":{"start":{"line":30,"column":29},"end":{"line":30,"column":30}},"loc":{"start":{"line":30,"column":35},"end":{"line":32,"column":5}},"line":30},"3":{"name":"(anonymous_3)","decl":{"start":{"line":35,"column":2},"end":{"line":35,"column":3}},"loc":{"start":{"line":35,"column":43},"end":{"line":40,"column":3}},"line":35},"4":{"name":"(anonymous_4)","decl":{"start":{"line":42,"column":2},"end":{"line":42,"column":3}},"loc":{"start":{"line":42,"column":25},"end":{"line":45,"column":3}},"line":42},"5":{"name":"(anonymous_5)","decl":{"start":{"line":46,"column":2},"end":{"line":46,"column":3}},"loc":{"start":{"line":46,"column":11},"end":{"line":71,"column":3}},"line":46},"6":{"name":"(anonymous_6)","decl":{"start":{"line":56,"column":19},"end":{"line":56,"column":20}},"loc":{"start":{"line":56,"column":25},"end":{"line":60,"column":11}},"line":56}},"branchMap":{"0":{"loc":{"start":{"line":36,"column":4},"end":{"line":38,"column":5}},"type":"if","locations":[{"start":{"line":36,"column":4},"end":{"line":38,"column":5}},{"start":{},"end":{}}],"line":36}},"s":{"0":0,"1":0,"2":0,"3":0,"4":0,"5":0,"6":0,"7":0,"8":0,"9":0,"10":0,"11":0,"12":0,"13":0,"14":0,"15":0,"16":0,"17":0,"18":0,"19":0},"f":{"0":0,"1":0,"2":0,"3":0,"4":0,"5":0,"6":0},"b":{"0":[0,0]},"_coverageSchema":"1a1c01bbd47fc00a2c39e90264f33305004495a9","hash":"a8a204ad84a620acb46ccdb86da036f23b9618ef"}
,"C:\\Users\\DELL\\Desktop\\Basic\\src\\components\\sum.js": {"path":"C:\\Users\\DELL\\Desktop\\Basic\\src\\components\\sum.js","statementMap":{"0":{"start":{"line":1,"column":19},"end":{"line":3,"column":1}},"1":{"start":{"line":2,"column":2},"end":{"line":2,"column":15}}},"fnMap":{"0":{"name":"(anonymous_0)","decl":{"start":{"line":1,"column":19},"end":{"line":1,"column":20}},"loc":{"start":{"line":1,"column":29},"end":{"line":3,"column":1}},"line":1}},"branchMap":{},"s":{"0":1,"1":1},"f":{"0":1},"b":{},"_coverageSchema":"1a1c01bbd47fc00a2c39e90264f33305004495a9","hash":"70c06a0329d30fd5ecdb4345847775aef027320f"}
,"C:\\Users\\DELL\\Desktop\\Basic\\src\\utils\\UseerContect.js": {"path":"C:\\Users\\DELL\\Desktop\\Basic\\src\\utils\\UseerContect.js","statementMap":{"0":{"start":{"line":3,"column":20},"end":{"line":5,"column":2}}},"fnMap":{},"branchMap":{},"s":{"0":3},"f":{},"b":{},"_coverageSchema":"1a1c01bbd47fc00a2c39e90264f33305004495a9","hash":"ded99df73eb1aa0a7b1696507c05924eb8e5fb3a"}
,"C:\\Users\\DELL\\Desktop\\Basic\\src\\utils\\appStore.js": {"path":"C:\\Users\\DELL\\Desktop\\Basic\\src\\utils\\appStore.js","statementMap":{"0":{"start":{"line":4,"column":17},"end":{"line":10,"column":2}}},"fnMap":{},"branchMap":{},"s":{"0":3},"f":{},"b":{},"_coverageSchema":"1a1c01bbd47fc00a2c39e90264f33305004495a9","hash":"24f8fb7c0081cea03dfdd89d7f49e5cb38d2e865"}
,"C:\\Users\\DELL\\Desktop\\Basic\\src\\utils\\cartSlice.js": {"path":"C:\\Users\\DELL\\Desktop\\Basic\\src\\utils\\cartSlice.js","statementMap":{"0":{"start":{"line":3,"column":18},"end":{"line":19,"column":2}},"1":{"start":{"line":10,"column":6},"end":{"line":10,"column":39}},"2":{"start":{"line":13,"column":6},"end":{"line":13,"column":38}},"3":{"start":{"line":16,"column":6},"end":{"line":16,"column":29}},"4":{"start":{"line":21,"column":50},"end":{"line":21,"column":67}}},"fnMap":{"0":{"name":"(anonymous_0)","decl":{"start":{"line":9,"column":13},"end":{"line":9,"column":14}},"loc":{"start":{"line":9,"column":32},"end":{"line":11,"column":5}},"line":9},"1":{"name":"(anonymous_1)","decl":{"start":{"line":12,"column":16},"end":{"line":12,"column":17}},"loc":{"start":{"line":12,"column":22},"end":{"line":14,"column":5}},"line":12},"2":{"name":"(anonymous_2)","decl":{"start":{"line":15,"column":15},"end":{"line":15,"column":16}},"loc":{"start":{"line":15,"column":21},"end":{"line":17,"column":5}},"line":15}},"branchMap":{},"s":{"0":3,"1":0,"2":0,"3":0,"4":3},"f":{"0":0,"1":0,"2":0},"b":{},"_coverageSchema":"1a1c01bbd47fc00a2c39e90264f33305004495a9","hash":"dff9e47530fc05bfa9821097fe60859f587cd714"}
,"C:\\Users\\DELL\\Desktop\\Basic\\src\\utils\\constant.js": {"path":"C:\\Users\\DELL\\Desktop\\Basic\\src\\utils\\constant.js","statementMap":{"0":{"start":{"line":2,"column":2},"end":{"line":2,"column":96}},"1":{"start":{"line":5,"column":2},"end":{"line":5,"column":105}}},"fnMap":{},"branchMap":{},"s":{"0":3,"1":3},"f":{},"b":{},"_coverageSchema":"1a1c01bbd47fc00a2c39e90264f33305004495a9","hash":"4995ea2990290ce37a16f6b6475bf9b0e557fe7a"}
,"C:\\Users\\DELL\\Desktop\\Basic\\src\\utils\\useOnlineStatus.js": {"path":"C:\\Users\\DELL\\Desktop\\Basic\\src\\utils\\useOnlineStatus.js","statementMap":{"0":{"start":{"line":3,"column":24},"end":{"line":16,"column":1}},"1":{"start":{"line":4,"column":30},"end":{"line":4,"column":44}},"2":{"start":{"line":6,"column":2},"end":{"line":13,"column":5}},"3":{"start":{"line":7,"column":4},"end":{"line":9,"column":7}},"4":{"start":{"line":8,"column":6},"end":{"line":8,"column":22}},"5":{"start":{"line":10,"column":4},"end":{"line":12,"column":7}},"6":{"start":{"line":11,"column":6},"end":{"line":11,"column":23}},"7":{"start":{"line":15,"column":2},"end":{"line":15,"column":16}}},"fnMap":{"0":{"name":"(anonymous_0)","decl":{"start":{"line":3,"column":24},"end":{"line":3,"column":25}},"loc":{"start":{"line":3,"column":30},"end":{"line":16,"column":1}},"line":3},"1":{"name":"(anonymous_1)","decl":{"start":{"line":6,"column":12},"end":{"line":6,"column":13}},"loc":{"start":{"line":6,"column":18},"end":{"line":13,"column":3}},"line":6},"2":{"name":"(anonymous_2)","decl":{"start":{"line":7,"column":38},"end":{"line":7,"column":39}},"loc":{"start":{"line":7,"column":44},"end":{"line":9,"column":5}},"line":7},"3":{"name":"(anonymous_3)","decl":{"start":{"line":10,"column":39},"end":{"line":10,"column":40}},"loc":{"start":{"line":10,"column":45},"end":{"line":12,"column":5}},"line":10}},"branchMap":{},"s":{"0":2,"1":4,"2":4,"3":4,"4":0,"5":4,"6":0,"7":4},"f":{"0":4,"1":4,"2":0,"3":0},"b":{},"_coverageSchema":"1a1c01bbd47fc00a2c39e90264f33305004495a9","hash":"60d752993f680ab61ef79bd04dccca8d8aa96b52"}
}
